<?xml version="1.0" encoding="UTF-8"?>
<testsuite name="LibraryTest" tests="3" skipped="0" failures="0" errors="0" timestamp="2021-09-27T10:10:52" hostname="tallgeese" time="0.002">
  <properties/>
  <testcase name="testSomeLibraryMethod" classname="LibraryTest" time="0.001"/>
  <testcase name="testSize" classname="LibraryTest" time="0.0"/>
  <testcase name="testReverse" classname="LibraryTest" time="0.0"/>
  <system-out><![CDATA[]]></system-out>
  <system-err><![CDATA[]]></system-err>
</testsuite>
